2017-09-24 15:12:13,966 INFO  [Log] -------------------------------------------------------- 
2017-09-24 15:12:13,966 INFO  [Log] -----------------LogIn_01------------------ 
2017-09-24 15:12:13,966 INFO  [Log] -------------------------------------------------------- 
2017-09-24 15:12:13,966 INFO  [Log] executing actions 
2017-09-24 15:12:13,966 INFO  [Log] open_Browser 
2017-09-24 15:12:32,347 INFO  [Log] executing actions 
2017-09-24 15:12:32,347 INFO  [Log] navigate_URL 
2017-09-24 15:12:35,980 INFO  [Log] executing actions 
2017-09-24 15:12:35,981 INFO  [Log] click_Account 
2017-09-24 15:14:47,138 INFO  [Log] -------------------------------------------------------- 
2017-09-24 15:14:47,138 INFO  [Log] -----------------LogIn_01------------------ 
2017-09-24 15:14:47,138 INFO  [Log] -------------------------------------------------------- 
2017-09-24 15:14:47,138 INFO  [Log] executing actions 
2017-09-24 15:14:47,138 INFO  [Log] open_Browser 
2017-09-24 15:14:50,460 INFO  [Log] executing actions 
2017-09-24 15:14:50,460 INFO  [Log] navigate_URL 
2017-09-24 15:14:52,678 INFO  [Log] executing actions 
2017-09-24 15:14:52,679 INFO  [Log] click_Account 
2017-09-24 16:29:30,873 INFO  [Log] -------------------------------------------------------- 
2017-09-24 16:29:30,873 INFO  [Log] -----------------LogIn_01------------------ 
2017-09-24 16:29:30,873 INFO  [Log] -------------------------------------------------------- 
2017-09-24 16:29:30,889 INFO  [Log] executing actions 
2017-09-24 16:29:30,889 INFO  [Log] open_Browser 
2017-09-24 16:29:34,310 INFO  [Log] executing actions 
2017-09-24 16:29:34,310 INFO  [Log] navigate_URL 
2017-09-24 16:29:36,473 INFO  [Log] executing actions 
2017-09-24 16:29:36,473 INFO  [Log] click_Account 
2017-09-24 16:31:41,173 INFO  [Log] -------------------------------------------------------- 
2017-09-24 16:31:41,173 INFO  [Log] -----------------LogIn_01------------------ 
2017-09-24 16:31:41,173 INFO  [Log] -------------------------------------------------------- 
2017-09-24 16:31:41,173 INFO  [Log] executing actions 
2017-09-24 16:31:41,173 INFO  [Log] open_Browser 
2017-09-24 16:31:44,758 INFO  [Log] executing actions 
2017-09-24 16:31:44,758 INFO  [Log] navigate_URL 
2017-09-24 16:31:47,079 INFO  [Log] executing actions 
2017-09-24 16:31:47,080 INFO  [Log] click_Account 
2017-09-24 16:35:12,755 INFO  [Log] -------------------------------------------------------- 
2017-09-24 16:35:12,755 INFO  [Log] -----------------LogIn_01------------------ 
2017-09-24 16:35:12,755 INFO  [Log] -------------------------------------------------------- 
2017-09-24 16:35:12,757 INFO  [Log] executing actions 
2017-09-24 16:35:12,757 INFO  [Log] open_Browser 
2017-09-24 16:35:16,323 INFO  [Log] executing actions 
2017-09-24 16:35:16,323 INFO  [Log] navigate_URL 
2017-09-24 16:35:19,472 INFO  [Log] executing actions 
2017-09-24 16:35:19,472 INFO  [Log] click_Account 
2017-09-24 16:35:19,806 INFO  [Log] executing actions 
2017-09-24 16:35:19,806 INFO  [Log] input_Username 
2017-09-24 16:35:24,362 INFO  [Log] executing actions 
2017-09-24 16:35:24,362 INFO  [Log] input_Password 
2017-09-24 16:35:24,572 INFO  [Log] executing actions 
2017-09-24 16:35:24,572 INFO  [Log] click_Login 
2017-09-24 16:35:26,328 INFO  [Log] executing actions 
2017-09-24 16:38:32,879 INFO  [Log] -------------------------------------------------------- 
2017-09-24 16:38:32,879 INFO  [Log] -----------------LogIn_01------------------ 
2017-09-24 16:38:32,879 INFO  [Log] -------------------------------------------------------- 
2017-09-24 16:38:32,879 INFO  [Log] executing actions 
2017-09-24 16:38:32,879 INFO  [Log] open_Browser 
2017-09-24 16:38:36,260 INFO  [Log] executing actions 
2017-09-24 16:38:36,260 INFO  [Log] navigate_URL 
2017-09-24 16:38:38,357 INFO  [Log] executing actions 
2017-09-24 16:38:38,358 INFO  [Log] click_Account 
2017-09-24 16:38:39,029 INFO  [Log] executing actions 
2017-09-24 16:38:39,030 INFO  [Log] input_Username 
2017-09-24 16:38:43,330 INFO  [Log] executing actions 
2017-09-24 16:38:43,330 INFO  [Log] input_Password 
2017-09-24 16:38:43,529 INFO  [Log] executing actions 
2017-09-24 16:38:43,529 INFO  [Log] click_Login 
2017-09-24 16:38:44,998 INFO  [Log] executing actions 
2017-09-24 16:38:44,999 INFO  [Log] waitFor 
2017-09-24 16:38:49,999 INFO  [Log] executing actions 
2017-09-24 16:38:49,999 INFO  [Log] click_MyAccount 
2017-09-24 16:38:50,128 INFO  [Log] executing actions 
2017-09-24 16:38:50,128 INFO  [Log] click_Logout 
2017-09-24 16:38:50,865 INFO  [Log] executing actions 
2017-09-24 16:40:48,279 INFO  [Log] -------------------------------------------------------- 
2017-09-24 16:40:48,279 INFO  [Log] -----------------LogIn_01------------------ 
2017-09-24 16:40:48,279 INFO  [Log] -------------------------------------------------------- 
2017-09-24 16:40:48,279 INFO  [Log] executing actions 
2017-09-24 16:40:48,279 INFO  [Log] open_Browser 
2017-09-24 16:40:51,630 INFO  [Log] executing actions 
2017-09-24 16:40:51,630 INFO  [Log] navigate_URL 
2017-09-24 16:40:55,202 INFO  [Log] executing actions 
2017-09-24 16:40:55,202 INFO  [Log] click_Account 
2017-09-24 16:40:55,490 INFO  [Log] executing actions 
2017-09-24 16:40:55,490 INFO  [Log] input_Username 
2017-09-24 16:41:00,327 INFO  [Log] executing actions 
2017-09-24 16:41:00,327 INFO  [Log] input_Password 
2017-09-24 16:41:00,507 INFO  [Log] executing actions 
2017-09-24 16:41:00,508 INFO  [Log] click_Login 
2017-09-24 16:41:02,203 INFO  [Log] executing actions 
2017-09-24 16:41:02,203 INFO  [Log] waitFor 
2017-09-24 16:41:07,208 INFO  [Log] executing actions 
2017-09-24 16:41:07,208 INFO  [Log] click_MyAccount 
2017-09-24 16:41:07,323 INFO  [Log] executing actions 
2017-09-24 16:41:07,323 INFO  [Log] click_Logout 
2017-09-24 16:41:08,009 INFO  [Log] executing actions 
2017-09-24 16:41:08,009 INFO  [Log] close_Browser 
2017-09-24 16:41:09,517 INFO  [Log] executing actions 
2017-09-24 16:41:09,517 INFO  [Log] --------------------------------------------------------------------- 
2017-09-24 16:41:09,517 INFO  [Log] ----------------- E  N D - O F - LogIn_01---------------- 
2017-09-24 16:41:09,517 INFO  [Log] --------------------------------------------------------------------- 
2017-09-24 16:41:09,517 INFO  [Log] X 
2017-09-24 16:41:09,517 INFO  [Log] X 
2017-09-24 16:41:09,517 INFO  [Log] X 
2017-09-24 16:41:46,987 INFO  [Log] -------------------------------------------------------- 
2017-09-24 16:41:46,987 INFO  [Log] -----------------LogIn_01------------------ 
2017-09-24 16:41:46,987 INFO  [Log] -------------------------------------------------------- 
2017-09-24 16:41:46,987 INFO  [Log] executing actions 
2017-09-24 16:41:46,987 INFO  [Log] open_Browser 
2017-09-24 16:41:50,395 INFO  [Log] executing actions 
2017-09-24 16:41:50,395 INFO  [Log] navigate_URL 
2017-09-24 16:41:52,632 INFO  [Log] executing actions 
2017-09-24 16:41:52,632 INFO  [Log] click_Account 
2017-09-24 16:41:53,381 INFO  [Log] executing actions 
2017-09-24 16:41:53,381 INFO  [Log] input_Username 
2017-09-24 16:41:58,291 INFO  [Log] executing actions 
2017-09-24 16:41:58,291 INFO  [Log] input_Password 
2017-09-24 16:41:58,453 INFO  [Log] executing actions 
2017-09-24 16:41:58,453 INFO  [Log] click_Login 
2017-09-24 16:41:59,948 INFO  [Log] executing actions 
2017-09-24 16:41:59,949 INFO  [Log] waitFor 
2017-09-24 16:42:04,954 INFO  [Log] executing actions 
2017-09-24 16:42:04,954 INFO  [Log] click_MyAccount 
2017-09-24 16:42:05,057 INFO  [Log] executing actions 
2017-09-24 16:42:05,057 INFO  [Log] click_Logout 
2017-09-24 16:42:05,813 INFO  [Log] executing actions 
2017-09-24 16:42:05,813 INFO  [Log] close_Browser 
2017-09-24 16:42:06,879 INFO  [Log] executing actions 
2017-09-24 16:42:06,879 INFO  [Log] --------------------------------------------------------------------- 
2017-09-24 16:42:06,879 INFO  [Log] ----------------- E  N D - O F - LogIn_01---------------- 
2017-09-24 16:42:06,879 INFO  [Log] --------------------------------------------------------------------- 
2017-09-24 16:42:06,879 INFO  [Log] X 
2017-09-24 16:42:06,879 INFO  [Log] X 
2017-09-24 16:42:06,879 INFO  [Log] X 
2017-09-24 16:43:11,501 INFO  [Log] -------------------------------------------------------- 
2017-09-24 16:43:11,501 INFO  [Log] -----------------LogIn_01------------------ 
2017-09-24 16:43:11,501 INFO  [Log] -------------------------------------------------------- 
2017-09-24 16:43:11,501 INFO  [Log] open_Browser 
2017-09-24 16:43:14,888 INFO  [Log] navigate_URL 
2017-09-24 16:43:16,971 INFO  [Log] click_Account 
2017-09-24 16:43:17,703 INFO  [Log] input_Username 
2017-09-24 16:43:22,298 INFO  [Log] input_Password 
2017-09-24 16:43:22,472 INFO  [Log] click_Login 
2017-09-24 16:43:23,931 INFO  [Log] waitFor 
2017-09-24 16:43:28,939 INFO  [Log] click_MyAccount 
2017-09-24 16:43:29,038 INFO  [Log] click_Logout 
2017-09-24 16:43:29,800 INFO  [Log] close_Browser 
2017-09-24 16:43:30,832 INFO  [Log] --------------------------------------------------------------------- 
2017-09-24 16:43:30,832 INFO  [Log] ----------------- E  N D - O F - LogIn_01---------------- 
2017-09-24 16:43:30,832 INFO  [Log] --------------------------------------------------------------------- 
2017-09-24 16:43:30,832 INFO  [Log] X 
2017-09-24 16:43:30,832 INFO  [Log] X 
2017-09-24 16:43:30,832 INFO  [Log] X 
2017-09-24 16:49:34,596 INFO  [Log] -------------------------------------------------------- 
2017-09-24 16:49:34,596 INFO  [Log] -----------------LogIn_01------------------ 
2017-09-24 16:49:34,596 INFO  [Log] -------------------------------------------------------- 
2017-09-24 16:49:34,596 INFO  [Log] open_Browser 
2017-09-24 16:49:37,963 INFO  [Log] navigate_URL 
2017-09-24 16:49:39,950 INFO  [Log] click_Account 
2017-09-24 16:49:40,606 INFO  [Log] input_Username 
2017-09-24 16:49:45,419 INFO  [Log] input_Password 
2017-09-24 16:49:45,582 INFO  [Log] click_Login 
2017-09-24 16:49:46,926 INFO  [Log] waitFor 
2017-09-24 16:49:51,926 INFO  [Log] click_MyAccount 
2017-09-24 16:49:52,026 INFO  [Log] click_Logout 
2017-09-24 16:49:52,717 INFO  [Log] close_Browser 
2017-09-24 16:49:53,732 INFO  [Log] --------------------------------------------------------------------- 
2017-09-24 16:49:53,732 INFO  [Log] ----------------- E  N D - O F - LogIn_01---------------- 
2017-09-24 16:49:53,732 INFO  [Log] --------------------------------------------------------------------- 
2017-09-24 16:49:53,732 INFO  [Log] X 
2017-09-24 16:49:53,732 INFO  [Log] X 
2017-09-24 16:49:53,732 INFO  [Log] X 
2017-09-24 16:50:38,187 INFO  [Log] -------------------------------------------------------- 
2017-09-24 16:50:38,187 INFO  [Log] -----------------LogIn_01------------------ 
2017-09-24 16:50:38,187 INFO  [Log] -------------------------------------------------------- 
2017-09-24 16:50:38,187 INFO  [Log] open_Browser 
2017-09-24 16:50:41,447 INFO  [Log] navigate_URL 
2017-09-24 16:50:43,490 INFO  [Log] click_Account 
2017-09-24 16:50:44,116 INFO  [Log] input_Username 
2017-09-24 16:50:48,978 INFO  [Log] input_Password 
2017-09-24 16:50:49,151 INFO  [Log] click_Login 
2017-09-24 16:50:50,590 INFO  [Log] waitFor 
2017-09-24 16:50:55,595 INFO  [Log] click_MyAccount 
2017-09-24 16:50:55,692 INFO  [Log] click_Logout 
2017-09-24 16:50:56,433 INFO  [Log] close_Browser 
2017-09-24 16:50:57,462 INFO  [Log] --------------------------------------------------------------------- 
2017-09-24 16:50:57,462 INFO  [Log] ----------------- E  N D - O F - LogIn_01---------------- 
2017-09-24 16:50:57,462 INFO  [Log] --------------------------------------------------------------------- 
2017-09-24 16:50:57,462 INFO  [Log] X 
2017-09-24 16:50:57,462 INFO  [Log] X 
2017-09-24 16:50:57,462 INFO  [Log] X 
2017-09-24 16:51:23,982 INFO  [Log] -------------------------------------------------------- 
2017-09-24 16:51:23,982 INFO  [Log] -----------------LogIn_01------------------ 
2017-09-24 16:51:23,982 INFO  [Log] -------------------------------------------------------- 
2017-09-24 16:51:23,982 INFO  [Log] open_Browser 
2017-09-24 16:51:27,308 INFO  [Log] navigate_URL 
2017-09-24 16:51:29,730 INFO  [Log] click_Account 
2017-09-24 16:51:30,402 INFO  [Log] input_Username 
2017-09-24 16:51:35,063 INFO  [Log] input_Password 
2017-09-24 16:51:35,273 INFO  [Log] click_Login 
2017-09-24 16:51:36,724 INFO  [Log] waitFor 
2017-09-24 16:51:39,724 INFO  [Log] click_MyAccount 
2017-09-24 16:51:39,827 INFO  [Log] click_Logout 
2017-09-24 16:51:40,506 INFO  [Log] close_Browser 
2017-09-24 16:51:41,472 INFO  [Log] --------------------------------------------------------------------- 
2017-09-24 16:51:41,472 INFO  [Log] ----------------- E  N D - O F - LogIn_01---------------- 
2017-09-24 16:51:41,472 INFO  [Log] --------------------------------------------------------------------- 
2017-09-24 16:51:41,472 INFO  [Log] X 
2017-09-24 16:51:41,472 INFO  [Log] X 
2017-09-24 16:51:41,472 INFO  [Log] X 
2017-09-24 17:01:57,976 INFO  [Log] -------------------------------------------------------- 
2017-09-24 17:01:57,976 INFO  [Log] -----------------LogIn_01------------------ 
2017-09-24 17:01:57,976 INFO  [Log] -------------------------------------------------------- 
2017-09-24 17:01:57,976 INFO  [Log] open_Browser 
2017-09-24 17:02:01,263 INFO  [Log] navigate_URL 
2017-09-24 17:02:03,389 INFO  [Log] click_Account 
2017-09-24 17:02:04,166 INFO  [Log] input_Username 
2017-09-24 17:02:08,758 INFO  [Log] input_Password 
2017-09-24 17:02:08,950 INFO  [Log] click_Login 
2017-09-24 17:02:10,517 INFO  [Log] waitFor 
2017-09-24 17:02:13,518 INFO  [Log] click_MyAccount 
2017-09-24 17:02:13,621 INFO  [Log] click_Logout 
2017-09-24 17:02:14,308 INFO  [Log] close_Browser 
2017-09-24 17:02:15,357 INFO  [Log] --------------------------------------------------------------------- 
2017-09-24 17:02:15,357 INFO  [Log] ----------------- E  N D - O F - LogIn_01---------------- 
2017-09-24 17:02:15,357 INFO  [Log] --------------------------------------------------------------------- 
2017-09-24 17:02:15,357 INFO  [Log] X 
2017-09-24 17:02:15,357 INFO  [Log] X 
2017-09-24 17:02:15,357 INFO  [Log] X 
2017-09-24 18:26:19,279 INFO  [Log] Not able to null 
2017-09-24 18:26:19,295 INFO  [Log] -------------------------------------------------------- 
2017-09-24 18:26:19,295 INFO  [Log] -----------------LogIn_01------------------ 
2017-09-24 18:26:19,295 INFO  [Log] -------------------------------------------------------- 
2017-09-24 18:26:19,295 INFO  [Log] open_Browser 
2017-09-24 18:26:22,728 INFO  [Log] navigate_URL 
2017-09-24 18:26:24,924 INFO  [Log] click_Account 
2017-09-24 18:26:25,676 INFO  [Log] input_Username 
2017-09-24 18:26:30,531 INFO  [Log] input_Password 
2017-09-24 18:26:30,707 INFO  [Log] click_Login 
2017-09-24 18:26:32,071 INFO  [Log] waitFor 
2017-09-24 18:26:35,071 INFO  [Log] click_MyAccount 
2017-09-24 18:26:35,168 INFO  [Log] click_Logout 
2017-09-24 18:26:35,908 INFO  [Log] close_Browser 
2017-09-24 18:26:37,034 INFO  [Log] Not able to null 
2017-09-24 18:26:37,034 INFO  [Log] Not able to null 
2017-09-24 18:26:37,034 INFO  [Log] --------------------------------------------------------------------- 
2017-09-24 18:26:37,034 INFO  [Log] ----------------- E  N D - O F - LogIn_01---------------- 
2017-09-24 18:26:37,034 INFO  [Log] --------------------------------------------------------------------- 
2017-09-24 18:26:37,034 INFO  [Log] X 
2017-09-24 18:26:37,034 INFO  [Log] X 
2017-09-24 18:26:37,034 INFO  [Log] X 
2017-09-24 18:26:37,034 INFO  [Log] Not able to null 
2017-09-24 18:26:37,034 INFO  [Log] Not able to null 
2017-09-24 20:50:29,727 INFO  [Log] Not able to null 
2017-09-24 20:50:29,727 INFO  [Log] -------------------------------------------------------- 
2017-09-24 20:50:29,727 INFO  [Log] -----------------LogIn_01------------------ 
2017-09-24 20:50:29,727 INFO  [Log] -------------------------------------------------------- 
2017-09-24 20:50:29,727 INFO  [Log] open_Browser 
2017-09-24 20:50:33,443 INFO  [Log] navigate_URL 
2017-09-24 20:50:36,722 INFO  [Log] click_Account 
2017-09-24 20:50:37,106 INFO  [Log] input_Username 
2017-09-24 20:50:42,080 INFO  [Log] input_Password 
2017-09-24 20:50:42,417 INFO  [Log] click_Login 
2017-09-24 20:50:44,323 INFO  [Log] waitFor 
2017-09-24 20:50:47,431 INFO  [Log] click_MyAccount 
2017-09-24 20:50:47,706 INFO  [Log] click_Logout 
2017-09-24 20:50:48,450 INFO  [Log] close_Browser 
2017-09-24 20:50:49,657 INFO  [Log] Not able to null 
2017-09-24 20:50:49,657 INFO  [Log] Not able to null 
2017-09-24 20:50:49,804 INFO  [Log] --------------------------------------------------------------------- 
2017-09-24 20:50:49,804 INFO  [Log] ----------------- E  N D - O F - LogIn_01---------------- 
2017-09-24 20:50:49,805 INFO  [Log] --------------------------------------------------------------------- 
2017-09-24 20:50:49,805 INFO  [Log] X 
2017-09-24 20:50:49,805 INFO  [Log] X 
2017-09-24 20:50:49,805 INFO  [Log] X 
2017-09-24 20:50:49,805 INFO  [Log] --------------------------------------------------------------------- 
2017-09-24 20:50:49,805 INFO  [Log] ----------------- E  N D - O F - LogIn_01---------------- 
2017-09-24 20:50:49,805 INFO  [Log] --------------------------------------------------------------------- 
2017-09-24 20:50:49,805 INFO  [Log] X 
2017-09-24 20:50:49,805 INFO  [Log] X 
2017-09-24 20:50:49,805 INFO  [Log] X 
2017-09-24 20:50:49,805 INFO  [Log] Not able to null 
2017-09-24 20:50:49,806 INFO  [Log] Not able to null 
2017-09-24 20:52:25,058 INFO  [Log] Not able to null 
2017-09-24 20:52:25,058 INFO  [Log] -------------------------------------------------------- 
2017-09-24 20:52:25,058 INFO  [Log] -----------------LogIn_01------------------ 
2017-09-24 20:52:25,058 INFO  [Log] -------------------------------------------------------- 
2017-09-24 20:52:25,058 INFO  [Log] open_Browser 
2017-09-24 20:52:28,660 INFO  [Log] navigate_URL 
2017-09-24 20:52:30,967 INFO  [Log] click_Account 
2017-09-24 20:52:31,794 INFO  [Log] input_Username 
2017-09-24 20:52:37,354 INFO  [Log] input_Password 
2017-09-24 20:52:37,645 INFO  [Log] click_Login 
2017-09-24 20:52:39,162 INFO  [Log] waitFor 
2017-09-24 20:52:42,227 INFO  [Log] click_MyAccount 
2017-09-24 20:52:42,452 INFO  [Log] click_Logout 
2017-09-24 20:52:43,370 INFO  [Log] close_Browser 
2017-09-24 20:52:44,542 INFO  [Log] Not able to null 
2017-09-24 20:52:44,542 INFO  [Log] Not able to null 
2017-09-24 20:52:44,699 INFO  [Log] --------------------------------------------------------------------- 
2017-09-24 20:52:44,699 INFO  [Log] ----------------- E  N D - O F - LogIn_01---------------- 
2017-09-24 20:52:44,699 INFO  [Log] --------------------------------------------------------------------- 
2017-09-24 20:52:44,699 INFO  [Log] X 
2017-09-24 20:52:44,699 INFO  [Log] X 
2017-09-24 20:52:44,699 INFO  [Log] X 
2017-09-24 20:52:44,699 INFO  [Log] --------------------------------------------------------------------- 
2017-09-24 20:52:44,699 INFO  [Log] ----------------- E  N D - O F - LogIn_01---------------- 
2017-09-24 20:52:44,699 INFO  [Log] --------------------------------------------------------------------- 
2017-09-24 20:52:44,699 INFO  [Log] X 
2017-09-24 20:52:44,699 INFO  [Log] X 
2017-09-24 20:52:44,699 INFO  [Log] X 
2017-09-24 20:52:44,699 INFO  [Log] Not able to null 
2017-09-24 20:52:44,714 INFO  [Log] Not able to null 
2017-09-24 21:04:33,061 INFO  [Log] Not able to null 
2017-09-24 21:04:33,061 INFO  [Log] -------------------------------------------------------- 
2017-09-24 21:04:33,061 INFO  [Log] -----------------LogIn_01------------------ 
2017-09-24 21:04:33,061 INFO  [Log] -------------------------------------------------------- 
2017-09-24 21:04:33,061 INFO  [Log] open_Browser 
2017-09-24 21:04:36,674 INFO  [Log] navigate_URL 
2017-09-24 21:04:39,263 INFO  [Log] click_Account 
2017-09-24 21:04:40,048 INFO  [Log] input_Username 
2017-09-24 21:04:44,877 INFO  [Log] input_Password 
2017-09-24 21:04:45,327 INFO  [Log] click_Login 
2017-09-24 21:04:46,830 INFO  [Log] waitFor 
2017-09-24 21:04:49,927 INFO  [Log] click_MyAccount 
2017-09-24 21:04:50,091 INFO  [Log] click_Logout 
2017-09-24 21:04:50,906 INFO  [Log] close_Browser 
2017-09-24 21:04:52,082 INFO  [Log] Not able to null 
2017-09-24 21:04:52,082 INFO  [Log] Not able to null 
2017-09-24 21:04:52,238 INFO  [Log] --------------------------------------------------------------------- 
2017-09-24 21:04:52,238 INFO  [Log] ----------------- E  N D - O F - LogIn_01---------------- 
2017-09-24 21:04:52,238 INFO  [Log] --------------------------------------------------------------------- 
2017-09-24 21:04:52,238 INFO  [Log] X 
2017-09-24 21:04:52,238 INFO  [Log] X 
2017-09-24 21:04:52,238 INFO  [Log] X 
2017-09-24 21:04:52,238 INFO  [Log] --------------------------------------------------------------------- 
2017-09-24 21:04:52,238 INFO  [Log] ----------------- E  N D - O F - LogIn_01---------------- 
2017-09-24 21:04:52,238 INFO  [Log] --------------------------------------------------------------------- 
2017-09-24 21:04:52,238 INFO  [Log] X 
2017-09-24 21:04:52,238 INFO  [Log] X 
2017-09-24 21:04:52,238 INFO  [Log] X 
2017-09-24 21:04:52,238 INFO  [Log] Not able to null 
2017-09-24 21:04:52,238 INFO  [Log] Not able to null 
2017-09-24 21:05:16,189 INFO  [Log] Not able to null 
2017-09-24 21:05:16,189 INFO  [Log] -------------------------------------------------------- 
2017-09-24 21:05:16,189 INFO  [Log] -----------------LogIn_01------------------ 
2017-09-24 21:05:16,189 INFO  [Log] -------------------------------------------------------- 
2017-09-24 21:05:16,204 INFO  [Log] open_Browser 
2017-09-24 21:05:19,805 INFO  [Log] navigate_URL 
2017-09-24 21:05:21,937 INFO  [Log] click_Account 
2017-09-24 21:05:22,898 INFO  [Log] input_Username 
2017-09-24 21:05:28,570 INFO  [Log] input_Password 
2017-09-24 21:05:28,832 INFO  [Log] click_Login 
2017-09-24 21:05:31,512 INFO  [Log] waitFor 
2017-09-24 21:05:34,602 INFO  [Log] click_MyAccount 
2017-09-24 21:05:34,839 INFO  [Log] click_Logout 
2017-09-24 21:05:35,675 INFO  [Log] close_Browser 
2017-09-24 21:05:36,640 INFO  [Log] Not able to null 
2017-09-24 21:05:36,640 INFO  [Log] Not able to null 
2017-09-24 21:05:36,687 INFO  [Log] --------------------------------------------------------------------- 
2017-09-24 21:05:36,687 INFO  [Log] ----------------- E  N D - O F - LogIn_01---------------- 
2017-09-24 21:05:36,687 INFO  [Log] --------------------------------------------------------------------- 
2017-09-24 21:05:36,687 INFO  [Log] X 
2017-09-24 21:05:36,687 INFO  [Log] X 
2017-09-24 21:05:36,687 INFO  [Log] X 
2017-09-24 21:05:36,687 INFO  [Log] --------------------------------------------------------------------- 
2017-09-24 21:05:36,687 INFO  [Log] ----------------- E  N D - O F - LogIn_01---------------- 
2017-09-24 21:05:36,687 INFO  [Log] --------------------------------------------------------------------- 
2017-09-24 21:05:36,687 INFO  [Log] X 
2017-09-24 21:05:36,687 INFO  [Log] X 
2017-09-24 21:05:36,687 INFO  [Log] X 
2017-09-24 21:05:36,687 INFO  [Log] Not able to null 
2017-09-24 21:05:36,687 INFO  [Log] Not able to null 
2017-09-24 21:06:57,201 INFO  [Log] Not able to null 
2017-09-24 21:06:57,201 INFO  [Log] -------------------------------------------------------- 
2017-09-24 21:06:57,201 INFO  [Log] -----------------LogIn_01------------------ 
2017-09-24 21:06:57,201 INFO  [Log] -------------------------------------------------------- 
2017-09-24 21:06:57,201 INFO  [Log] open_Browser 
2017-09-24 21:07:00,718 INFO  [Log] navigate_URL 
2017-09-24 21:07:03,152 INFO  [Log] click_Account 
2017-09-24 21:07:04,097 INFO  [Log] input_Username 
2017-09-24 21:07:09,191 INFO  [Log] input_Password 
2017-09-24 21:07:09,488 INFO  [Log] click_Login 
2017-09-24 21:07:10,974 INFO  [Log] waitFor 
2017-09-24 21:07:14,123 INFO  [Log] click_MyAccount 
2017-09-24 21:07:14,329 INFO  [Log] click_Logout 
2017-09-24 21:07:15,372 INFO  [Log] close_Browser 
2017-09-24 21:07:17,106 INFO  [Log] Not able to null 
2017-09-24 21:07:17,106 INFO  [Log] Not able to null 
2017-09-24 21:07:17,199 INFO  [Log] --------------------------------------------------------------------- 
2017-09-24 21:07:17,199 INFO  [Log] ----------------- E  N D - O F - LogIn_01---------------- 
2017-09-24 21:07:17,199 INFO  [Log] --------------------------------------------------------------------- 
2017-09-24 21:07:17,199 INFO  [Log] X 
2017-09-24 21:07:17,199 INFO  [Log] X 
2017-09-24 21:07:17,199 INFO  [Log] X 
2017-09-24 21:07:17,199 INFO  [Log] --------------------------------------------------------------------- 
2017-09-24 21:07:17,199 INFO  [Log] ----------------- E  N D - O F - LogIn_01---------------- 
2017-09-24 21:07:17,199 INFO  [Log] --------------------------------------------------------------------- 
2017-09-24 21:07:17,199 INFO  [Log] X 
2017-09-24 21:07:17,199 INFO  [Log] X 
2017-09-24 21:07:17,199 INFO  [Log] X 
2017-09-24 21:07:17,199 INFO  [Log] Not able to null 
2017-09-24 21:07:17,199 INFO  [Log] Not able to null 
2017-09-24 21:44:30,452 INFO  [Log] Not able to null 
2017-09-24 21:44:30,452 INFO  [Log] -------------------------------------------------------- 
2017-09-24 21:44:30,452 INFO  [Log] -----------------LogIn_01------------------ 
2017-09-24 21:44:30,452 INFO  [Log] -------------------------------------------------------- 
2017-09-24 21:44:30,452 INFO  [Log] open_Browser 
2017-09-24 21:44:33,974 INFO  [Log] navigate_URL 
2017-09-24 21:44:38,670 INFO  [Log] click_Account 
2017-09-24 21:44:39,075 INFO  [Log] input_Username 
2017-09-24 21:44:44,102 INFO  [Log] input_Password 
2017-09-24 21:44:44,396 INFO  [Log] click_Login 
2017-09-24 21:44:46,016 INFO  [Log] waitFor 
2017-09-24 21:44:49,090 INFO  [Log] click_MyAccount 
2017-09-24 21:44:49,308 INFO  [Log] click_Logout 
2017-09-24 21:44:50,253 INFO  [Log] close_Browser 
2017-09-24 21:44:51,492 INFO  [Log] Not able to null 
2017-09-24 21:44:51,492 INFO  [Log] Not able to null 
2017-09-24 21:44:51,554 INFO  [Log] --------------------------------------------------------------------- 
2017-09-24 21:44:51,554 INFO  [Log] ----------------- E  N D - O F - LogIn_01---------------- 
2017-09-24 21:44:51,554 INFO  [Log] --------------------------------------------------------------------- 
2017-09-24 21:44:51,554 INFO  [Log] X 
2017-09-24 21:44:51,554 INFO  [Log] X 
2017-09-24 21:44:51,554 INFO  [Log] X 
2017-09-24 21:44:51,554 INFO  [Log] --------------------------------------------------------------------- 
2017-09-24 21:44:51,554 INFO  [Log] ----------------- E  N D - O F - LogIn_01---------------- 
2017-09-24 21:44:51,554 INFO  [Log] --------------------------------------------------------------------- 
2017-09-24 21:44:51,554 INFO  [Log] X 
2017-09-24 21:44:51,554 INFO  [Log] X 
2017-09-24 21:44:51,554 INFO  [Log] X 
2017-09-24 21:44:51,554 INFO  [Log] Not able to null 
2017-09-24 21:44:51,554 INFO  [Log] Not able to null 
2017-09-24 21:47:59,606 INFO  [Log] Not able to null 
2017-09-24 21:47:59,606 INFO  [Log] -------------------------------------------------------- 
2017-09-24 21:47:59,606 INFO  [Log] -----------------LogIn_01------------------ 
2017-09-24 21:47:59,606 INFO  [Log] -------------------------------------------------------- 
2017-09-24 21:47:59,606 INFO  [Log] open_Browser 
2017-09-24 21:48:03,374 INFO  [Log] navigate_URL 
2017-09-24 21:48:06,532 INFO  [Log] click_Account 
2017-09-24 21:48:07,283 INFO  [Log] input_Username 
2017-09-24 21:48:12,322 INFO  [Log] input_Password 
2017-09-24 21:48:12,719 INFO  [Log] click_Login 
2017-09-24 21:48:14,424 INFO  [Log] waitFor 
2017-09-24 21:48:17,503 INFO  [Log] click_MyAccount 
2017-09-24 21:48:17,824 INFO  [Log] click_Logout 
2017-09-24 21:48:18,675 INFO  [Log] close_Browser 
2017-09-24 21:48:19,752 INFO  [Log] Not able to null 
2017-09-24 21:48:19,752 INFO  [Log] Not able to null 
2017-09-24 21:48:19,814 INFO  [Log] --------------------------------------------------------------------- 
2017-09-24 21:48:19,814 INFO  [Log] ----------------- E  N D - O F - LogIn_01---------------- 
2017-09-24 21:48:19,814 INFO  [Log] --------------------------------------------------------------------- 
2017-09-24 21:48:19,814 INFO  [Log] X 
2017-09-24 21:48:19,814 INFO  [Log] X 
2017-09-24 21:48:19,814 INFO  [Log] X 
2017-09-24 21:48:19,814 INFO  [Log] --------------------------------------------------------------------- 
2017-09-24 21:48:19,814 INFO  [Log] ----------------- E  N D - O F - LogIn_01---------------- 
2017-09-24 21:48:19,814 INFO  [Log] --------------------------------------------------------------------- 
2017-09-24 21:48:19,814 INFO  [Log] X 
2017-09-24 21:48:19,814 INFO  [Log] X 
2017-09-24 21:48:19,814 INFO  [Log] X 
2017-09-24 21:48:19,814 INFO  [Log] Not able to null 
2017-09-24 21:48:19,814 INFO  [Log] Not able to null 
2017-09-24 21:50:01,335 INFO  [Log] Not able to null 
2017-09-24 21:50:01,335 INFO  [Log] -------------------------------------------------------- 
2017-09-24 21:50:01,335 INFO  [Log] -----------------LogIn_01------------------ 
2017-09-24 21:50:01,335 INFO  [Log] -------------------------------------------------------- 
2017-09-24 21:50:01,335 INFO  [Log] open_Browser 
2017-09-24 21:50:04,854 INFO  [Log] navigate_URL 
2017-09-24 21:50:07,376 INFO  [Log] click_Account 
2017-09-24 21:50:08,343 INFO  [Log] input_Username 
2017-09-24 21:50:13,330 INFO  [Log] input_Password 
2017-09-24 21:50:13,683 INFO  [Log] click_Login 
2017-09-24 21:50:15,362 INFO  [Log] waitFor 
2017-09-24 21:50:18,520 INFO  [Log] click_MyAccount 
2017-09-24 21:50:18,732 INFO  [Log] click_Logout 
2017-09-24 21:50:19,613 INFO  [Log] close_Browser 
2017-09-24 21:50:20,673 INFO  [Log] Not able to null 
2017-09-24 21:50:20,673 INFO  [Log] Not able to null 
2017-09-24 21:50:20,730 INFO  [Log] --------------------------------------------------------------------- 
2017-09-24 21:50:20,730 INFO  [Log] ----------------- E  N D - O F - LogIn_01---------------- 
2017-09-24 21:50:20,730 INFO  [Log] --------------------------------------------------------------------- 
2017-09-24 21:50:20,730 INFO  [Log] X 
2017-09-24 21:50:20,730 INFO  [Log] X 
2017-09-24 21:50:20,730 INFO  [Log] X 
2017-09-24 21:50:20,730 INFO  [Log] --------------------------------------------------------------------- 
2017-09-24 21:50:20,730 INFO  [Log] ----------------- E  N D - O F - LogIn_01---------------- 
2017-09-24 21:50:20,730 INFO  [Log] --------------------------------------------------------------------- 
2017-09-24 21:50:20,730 INFO  [Log] X 
2017-09-24 21:50:20,730 INFO  [Log] X 
2017-09-24 21:50:20,730 INFO  [Log] X 
2017-09-24 21:50:20,730 INFO  [Log] Not able to null 
2017-09-24 21:50:20,730 INFO  [Log] Not able to null 
2017-09-24 21:59:02,533 INFO  [Log] Not able to null 
2017-09-24 21:59:02,533 INFO  [Log] -------------------------------------------------------- 
2017-09-24 21:59:02,533 INFO  [Log] -----------------LogIn_01------------------ 
2017-09-24 21:59:02,533 INFO  [Log] -------------------------------------------------------- 
2017-09-24 21:59:02,533 INFO  [Log] open_Browser 
2017-09-24 21:59:06,050 INFO  [Log] navigate_URL 
2017-09-24 21:59:08,889 INFO  [Log] click_Account 
2017-09-24 21:59:09,274 INFO  [Log] input_Username 
2017-09-24 21:59:14,321 INFO  [Log] input_Password 
2017-09-24 21:59:14,561 INFO  [Log] click_Login 
2017-09-24 21:59:16,337 INFO  [Log] waitFor 
2017-09-24 21:59:19,400 INFO  [Log] click_MyAccount 
2017-09-24 21:59:19,623 INFO  [Log] click_Logout 
2017-09-24 21:59:20,413 INFO  [Log] close_Browser 
2017-09-24 21:59:21,731 INFO  [Log] Not able to null 
2017-09-24 21:59:21,731 INFO  [Log] Not able to null 
2017-09-24 21:59:21,825 INFO  [Log] --------------------------------------------------------------------- 
2017-09-24 21:59:21,825 INFO  [Log] ----------------- E  N D - O F - LogIn_01---------------- 
2017-09-24 21:59:21,825 INFO  [Log] --------------------------------------------------------------------- 
2017-09-24 21:59:21,825 INFO  [Log] X 
2017-09-24 21:59:21,825 INFO  [Log] X 
2017-09-24 21:59:21,825 INFO  [Log] X 
2017-09-24 21:59:21,825 INFO  [Log] --------------------------------------------------------------------- 
2017-09-24 21:59:21,825 INFO  [Log] ----------------- E  N D - O F - LogIn_01---------------- 
2017-09-24 21:59:21,825 INFO  [Log] --------------------------------------------------------------------- 
2017-09-24 21:59:21,825 INFO  [Log] X 
2017-09-24 21:59:21,825 INFO  [Log] X 
2017-09-24 21:59:21,825 INFO  [Log] X 
2017-09-24 21:59:21,825 INFO  [Log] Not able to null 
2017-09-24 21:59:21,825 INFO  [Log] Not able to null 
2017-09-24 22:04:16,866 INFO  [Log] Not able to null 
2017-09-24 22:04:16,866 INFO  [Log] -------------------------------------------------------- 
2017-09-24 22:04:16,866 INFO  [Log] -----------------LogIn_01------------------ 
2017-09-24 22:04:16,866 INFO  [Log] -------------------------------------------------------- 
2017-09-24 22:04:16,866 INFO  [Log] open_Browser 
2017-09-24 22:04:20,452 INFO  [Log] navigate_URL 
2017-09-24 22:04:24,732 INFO  [Log] click_Account 
2017-09-24 22:04:25,240 INFO  [Log] input_Username 
2017-09-24 22:04:30,067 INFO  [Log] input_Password 
2017-09-24 22:04:30,441 INFO  [Log] click_Login 
2017-09-24 22:04:32,094 INFO  [Log] waitFor 
2017-09-24 22:04:35,168 INFO  [Log] click_MyAccount 
2017-09-24 22:04:35,380 INFO  [Log] click_Logout 
2017-09-24 22:04:36,256 INFO  [Log] close_Browser 
2017-09-24 22:04:37,389 INFO  [Log] Not able to null 
2017-09-24 22:04:37,389 INFO  [Log] Not able to null 
2017-09-24 22:04:37,483 INFO  [Log] --------------------------------------------------------------------- 
2017-09-24 22:04:37,483 INFO  [Log] ----------------- E  N D - O F - LogIn_01---------------- 
2017-09-24 22:04:37,483 INFO  [Log] --------------------------------------------------------------------- 
2017-09-24 22:04:37,483 INFO  [Log] X 
2017-09-24 22:04:37,483 INFO  [Log] X 
2017-09-24 22:04:37,483 INFO  [Log] X 
2017-09-24 22:04:37,483 INFO  [Log] --------------------------------------------------------------------- 
2017-09-24 22:04:37,483 INFO  [Log] ----------------- E  N D - O F - LogIn_01---------------- 
2017-09-24 22:04:37,483 INFO  [Log] --------------------------------------------------------------------- 
2017-09-24 22:04:37,483 INFO  [Log] X 
2017-09-24 22:04:37,483 INFO  [Log] X 
2017-09-24 22:04:37,483 INFO  [Log] X 
2017-09-24 22:04:37,483 INFO  [Log] Not able to null 
2017-09-24 22:04:37,483 INFO  [Log] Not able to null 
2017-09-24 22:11:11,987 INFO  [Log] Not able to null 
2017-09-24 22:11:11,987 INFO  [Log] -------------------------------------------------------- 
2017-09-24 22:11:11,987 INFO  [Log] -----------------LogIn_01------------------ 
2017-09-24 22:11:11,987 INFO  [Log] -------------------------------------------------------- 
2017-09-24 22:11:11,987 INFO  [Log] open_Browser 
2017-09-24 22:11:15,571 INFO  [Log] navigate_URL 
2017-09-24 22:11:21,080 INFO  [Log] click_Account 
2017-09-24 22:11:21,456 INFO  [Log] input_Username 
2017-09-24 22:11:26,831 INFO  [Log] input_Password 
2017-09-24 22:11:27,169 INFO  [Log] click_Login 
2017-09-24 22:11:28,882 INFO  [Log] waitFor 
2017-09-24 22:11:31,999 INFO  [Log] click_MyAccount 
2017-09-24 22:11:32,283 INFO  [Log] click_Logout 
2017-09-24 22:11:33,088 INFO  [Log] close_Browser 
2017-09-24 22:11:34,314 INFO  [Log] Not able to null 
2017-09-24 22:11:34,314 INFO  [Log] Not able to null 
2017-09-24 22:11:34,381 INFO  [Log] --------------------------------------------------------------------- 
2017-09-24 22:11:34,381 INFO  [Log] ----------------- E  N D - O F - LogIn_01---------------- 
2017-09-24 22:11:34,381 INFO  [Log] --------------------------------------------------------------------- 
2017-09-24 22:11:34,381 INFO  [Log] X 
2017-09-24 22:11:34,381 INFO  [Log] X 
2017-09-24 22:11:34,381 INFO  [Log] X 
2017-09-24 22:11:34,382 INFO  [Log] --------------------------------------------------------------------- 
2017-09-24 22:11:34,382 INFO  [Log] ----------------- E  N D - O F - LogIn_01---------------- 
2017-09-24 22:11:34,382 INFO  [Log] --------------------------------------------------------------------- 
2017-09-24 22:11:34,382 INFO  [Log] X 
2017-09-24 22:11:34,382 INFO  [Log] X 
2017-09-24 22:11:34,382 INFO  [Log] X 
2017-09-24 22:11:34,383 INFO  [Log] Not able to null 
2017-09-24 22:11:34,383 INFO  [Log] Not able to null 
2017-09-24 22:15:33,023 INFO  [Log] util method: get cell data null 
2017-09-24 22:15:33,023 INFO  [Log] -------------------------------------------------------- 
2017-09-24 22:15:33,023 INFO  [Log] -----------------LogIn_01------------------ 
2017-09-24 22:15:33,023 INFO  [Log] -------------------------------------------------------- 
2017-09-24 22:15:33,023 INFO  [Log] open_Browser 
2017-09-24 22:15:36,533 INFO  [Log] navigate_URL 
2017-09-24 22:15:43,168 INFO  [Log] click_Account 
2017-09-24 22:15:43,548 INFO  [Log] input_Username 
2017-09-24 22:15:48,540 INFO  [Log] input_Password 
2017-09-24 22:15:48,975 INFO  [Log] click_Login 
2017-09-24 22:15:50,543 INFO  [Log] waitFor 
2017-09-24 22:15:53,667 INFO  [Log] click_MyAccount 
2017-09-24 22:15:53,939 INFO  [Log] click_Logout 
2017-09-24 22:15:54,723 INFO  [Log] close_Browser 
2017-09-24 22:15:55,881 INFO  [Log] util method: get cell data null 
2017-09-24 22:15:55,881 INFO  [Log] util method: get cell data null 
2017-09-24 22:15:56,007 INFO  [Log] --------------------------------------------------------------------- 
2017-09-24 22:15:56,007 INFO  [Log] ----------------- E  N D - O F - LogIn_01---------------- 
2017-09-24 22:15:56,007 INFO  [Log] --------------------------------------------------------------------- 
2017-09-24 22:15:56,007 INFO  [Log] X 
2017-09-24 22:15:56,007 INFO  [Log] X 
2017-09-24 22:15:56,007 INFO  [Log] X 
2017-09-24 22:15:56,007 INFO  [Log] --------------------------------------------------------------------- 
2017-09-24 22:15:56,007 INFO  [Log] ----------------- E  N D - O F - LogIn_01---------------- 
2017-09-24 22:15:56,007 INFO  [Log] --------------------------------------------------------------------- 
2017-09-24 22:15:56,007 INFO  [Log] X 
2017-09-24 22:15:56,007 INFO  [Log] X 
2017-09-24 22:15:56,007 INFO  [Log] X 
2017-09-24 22:15:56,007 INFO  [Log] util method: get cell data null 
2017-09-24 22:15:56,007 INFO  [Log] util method: get cell data null 
2017-09-24 22:25:04,648 INFO  [Log] util method: get cell data null 
2017-09-24 22:25:04,648 INFO  [Log] -------------------------------------------------------- 
2017-09-24 22:25:04,648 INFO  [Log] -----------------LogIn_01------------------ 
2017-09-24 22:25:04,648 INFO  [Log] -------------------------------------------------------- 
2017-09-24 22:25:04,648 INFO  [Log] open_Browser 
2017-09-24 22:25:08,162 INFO  [Log] navigate_URL 
2017-09-24 22:25:11,809 INFO  [Log] click_Account 
2017-09-24 22:25:12,452 INFO  [Log] input_Username 
2017-09-24 22:25:17,383 INFO  [Log] input_Password 
2017-09-24 22:25:17,663 INFO  [Log] click_Login 
2017-09-24 22:25:19,160 INFO  [Log] waitFor 
2017-09-24 22:25:22,285 INFO  [Log] click_MyAccount 
2017-09-24 22:25:22,558 INFO  [Log] click_Logout 
2017-09-24 22:25:23,483 INFO  [Log] close_Browser 
2017-09-24 22:25:24,632 INFO  [Log] util method: get cell data null 
2017-09-24 22:25:24,632 INFO  [Log] util method: get cell data null 
2017-09-24 22:25:24,723 INFO  [Log] --------------------------------------------------------------------- 
2017-09-24 22:25:24,724 INFO  [Log] ----------------- E  N D - O F - LogIn_01---------------- 
2017-09-24 22:25:24,724 INFO  [Log] --------------------------------------------------------------------- 
2017-09-24 22:25:24,724 INFO  [Log] X 
2017-09-24 22:25:24,724 INFO  [Log] X 
2017-09-24 22:25:24,724 INFO  [Log] X 
2017-09-24 22:25:24,724 INFO  [Log] --------------------------------------------------------------------- 
2017-09-24 22:25:24,724 INFO  [Log] ----------------- E  N D - O F - LogIn_01---------------- 
2017-09-24 22:25:24,724 INFO  [Log] --------------------------------------------------------------------- 
2017-09-24 22:25:24,724 INFO  [Log] X 
2017-09-24 22:25:24,724 INFO  [Log] X 
2017-09-24 22:25:24,724 INFO  [Log] X 
2017-09-24 22:25:24,725 INFO  [Log] util method: get cell data null 
2017-09-24 22:25:24,725 INFO  [Log] util method: get cell data null 
2017-09-24 22:25:59,656 INFO  [Log] util method: get cell data null 
2017-09-24 22:25:59,656 INFO  [Log] -------------------------------------------------------- 
2017-09-24 22:25:59,656 INFO  [Log] -----------------LogIn_01------------------ 
2017-09-24 22:25:59,656 INFO  [Log] -------------------------------------------------------- 
2017-09-24 22:25:59,656 INFO  [Log] open_Browser 
2017-09-24 22:26:03,212 INFO  [Log] navigate_URL 
2017-09-24 22:26:38,366 INFO  [Log] click_Account 
2017-09-24 22:26:38,758 INFO  [Log] input_Username 
2017-09-24 22:26:45,069 INFO  [Log] input_Password 
2017-09-24 22:26:45,372 INFO  [Log] click_Login 
2017-09-24 22:26:47,016 INFO  [Log] waitFor 
2017-09-24 22:26:50,102 INFO  [Log] click_MyAccount 
2017-09-24 22:26:50,434 INFO  [Log] click_Logout 
2017-09-24 22:26:51,334 INFO  [Log] close_Browser 
2017-09-24 22:26:52,428 INFO  [Log] util method: get cell data null 
2017-09-24 22:26:52,428 INFO  [Log] util method: get cell data null 
2017-09-24 22:26:52,509 INFO  [Log] --------------------------------------------------------------------- 
2017-09-24 22:26:52,509 INFO  [Log] ----------------- E  N D - O F - LogIn_01---------------- 
2017-09-24 22:26:52,509 INFO  [Log] --------------------------------------------------------------------- 
2017-09-24 22:26:52,509 INFO  [Log] X 
2017-09-24 22:26:52,509 INFO  [Log] X 
2017-09-24 22:26:52,509 INFO  [Log] X 
2017-09-24 22:26:52,509 INFO  [Log] --------------------------------------------------------------------- 
2017-09-24 22:26:52,509 INFO  [Log] ----------------- E  N D - O F - LogIn_01---------------- 
2017-09-24 22:26:52,509 INFO  [Log] --------------------------------------------------------------------- 
2017-09-24 22:26:52,509 INFO  [Log] X 
2017-09-24 22:26:52,509 INFO  [Log] X 
2017-09-24 22:26:52,509 INFO  [Log] X 
2017-09-24 22:26:52,509 INFO  [Log] util method: get cell data null 
2017-09-24 22:26:52,509 INFO  [Log] util method: get cell data null 
2017-09-24 22:29:41,437 INFO  [Log] util method: get cell data null 
2017-09-24 22:29:41,437 INFO  [Log] -------------------------------------------------------- 
2017-09-24 22:29:41,437 INFO  [Log] -----------------LogIn_01------------------ 
2017-09-24 22:29:41,437 INFO  [Log] -------------------------------------------------------- 
2017-09-24 22:29:41,437 INFO  [Log] open_Browser 
2017-09-24 22:29:45,050 INFO  [Log] navigate_URL 
2017-09-24 22:30:00,604 INFO  [Log] click_Account 
2017-09-24 22:30:01,093 INFO  [Log] input_Username 
2017-09-24 22:30:07,740 INFO  [Log] input_Password 
2017-09-24 22:30:07,990 INFO  [Log] click_Login 
2017-09-24 22:30:09,629 INFO  [Log] waitFor 
2017-09-24 22:30:12,695 INFO  [Log] click_MyAccount 
2017-09-24 22:30:13,031 INFO  [Log] click_Logout 
2017-09-24 22:30:14,006 INFO  [Log] close_Browser 
2017-09-24 22:30:15,228 INFO  [Log] --------------------------------------------------------------------- 
2017-09-24 22:30:15,229 INFO  [Log] ----------------- E  N D - O F - LogIn_01---------------- 
2017-09-24 22:30:15,229 INFO  [Log] --------------------------------------------------------------------- 
2017-09-24 22:30:15,229 INFO  [Log] X 
2017-09-24 22:30:15,229 INFO  [Log] X 
2017-09-24 22:30:15,229 INFO  [Log] X 
2017-09-24 22:30:15,229 INFO  [Log] --------------------------------------------------------------------- 
2017-09-24 22:30:15,229 INFO  [Log] ----------------- E  N D - O F - LogIn_01---------------- 
2017-09-24 22:30:15,229 INFO  [Log] --------------------------------------------------------------------- 
2017-09-24 22:30:15,229 INFO  [Log] X 
2017-09-24 22:30:15,229 INFO  [Log] X 
2017-09-24 22:30:15,229 INFO  [Log] X 
2017-09-24 22:32:20,990 INFO  [Log] util method: get cell data null 
2017-09-24 22:32:20,990 INFO  [Log] -------------------------------------------------------- 
2017-09-24 22:32:20,990 INFO  [Log] -----------------LogIn_01------------------ 
2017-09-24 22:32:20,990 INFO  [Log] -------------------------------------------------------- 
2017-09-24 22:32:20,990 INFO  [Log] open_Browser 
2017-09-24 22:32:24,616 INFO  [Log] navigate_URL 
2017-09-24 22:32:29,576 INFO  [Log] click_Account 
2017-09-24 22:32:29,950 INFO  [Log] input_Username 
2017-09-24 22:32:37,341 INFO  [Log] input_Password 
2017-09-24 22:32:37,622 INFO  [Log] click_Login 
2017-09-24 22:32:39,126 INFO  [Log] waitFor 
2017-09-24 22:32:42,225 INFO  [Log] click_MyAccount 
2017-09-24 22:32:42,522 INFO  [Log] click_Logout 
2017-09-24 22:32:43,470 INFO  [Log] close_Browser 
2017-09-24 22:32:44,759 INFO  [Log] --------------------------------------------------------------------- 
2017-09-24 22:32:44,759 INFO  [Log] ----------------- E  N D - O F - LogIn_01---------------- 
2017-09-24 22:32:44,759 INFO  [Log] --------------------------------------------------------------------- 
2017-09-24 22:32:44,759 INFO  [Log] X 
2017-09-24 22:32:44,759 INFO  [Log] X 
2017-09-24 22:32:44,759 INFO  [Log] X 
2017-09-24 22:34:53,826 INFO  [Log] util method: get cell data null 
2017-09-24 22:34:53,826 INFO  [Log] -------------------------------------------------------- 
2017-09-24 22:34:53,826 INFO  [Log] -----------------LogIn_01------------------ 
2017-09-24 22:34:53,826 INFO  [Log] -------------------------------------------------------- 
2017-09-24 22:34:53,826 INFO  [Log] open_Browser 
2017-09-24 22:34:57,266 INFO  [Log] navigate_URL 
2017-09-24 22:35:07,269 INFO  [Log] click_Account 
2017-09-24 22:35:07,627 INFO  [Log] input_Username 
2017-09-24 22:35:13,644 INFO  [Log] input_Password 
2017-09-24 22:35:13,904 INFO  [Log] click_Login 
2017-09-24 22:35:15,438 INFO  [Log] waitFor 
2017-09-24 22:35:18,536 INFO  [Log] click_MyAccount 
2017-09-24 22:35:18,837 INFO  [Log] click_Logout 
2017-09-24 22:35:28,905 INFO  [Log] method: logout no such element: Unable to locate element: {"method":"id","selector":"//*[@id='Secondary_Navbar-Account-Logout']/a"}
  (Session info: chrome=60.0.3112.113)
  (Driver info: chromedriver=2.31.488763 (092de99f48a300323ecf8c2a4e2e7cab51de5ba8),platform=Windows NT 6.1.7601 SP1 x86_64) (WARNING: The server did not provide any stacktrace information)
Command duration or timeout: 10.05 seconds
For documentation on this error, please visit: http://seleniumhq.org/exceptions/no_such_element.html
Build info: version: '3.4.0', revision: 'unknown', time: 'unknown'
System info: host: 'DELL-PC', ip: '192.168.1.6', os.name: 'Windows 7', os.arch: 'amd64', os.version: '6.1', java.version: '1.8.0_141'
Driver info: org.openqa.selenium.chrome.ChromeDriver
Capabilities [{applicationCacheEnabled=false, rotatable=false, mobileEmulationEnabled=false, networkConnectionEnabled=false, chrome={chromedriverVersion=2.31.488763 (092de99f48a300323ecf8c2a4e2e7cab51de5ba8), userDataDir=C:\Users\dell\AppData\Local\Temp\scoped_dir3580_10723}, takesHeapSnapshot=true, pageLoadStrategy=normal, databaseEnabled=false, handlesAlerts=true, hasTouchScreen=false, version=60.0.3112.113, platform=XP, browserConnectionEnabled=false, nativeEvents=true, acceptSslCerts=true, locationContextEnabled=true, webStorageEnabled=true, browserName=chrome, takesScreenshot=true, javascriptEnabled=true, cssSelectorsEnabled=true, setWindowRect=true, unexpectedAlertBehaviour=}]
Session ID: 21d9b8e599eabf876a572fe8bd4a05da
*** Element info: {Using=id, value=//*[@id='Secondary_Navbar-Account-Logout']/a} 
2017-09-24 22:35:28,953 INFO  [Log] close_Browser 
2017-09-24 22:35:30,227 INFO  [Log] --------------------------------------------------------------------- 
2017-09-24 22:35:30,227 INFO  [Log] ----------------- E  N D - O F - LogIn_01---------------- 
2017-09-24 22:35:30,227 INFO  [Log] --------------------------------------------------------------------- 
2017-09-24 22:35:30,227 INFO  [Log] X 
2017-09-24 22:35:30,227 INFO  [Log] X 
2017-09-24 22:35:30,227 INFO  [Log] X 
2017-09-25 15:43:48,520 INFO  [Log] util method: get cell data null 
2017-09-25 15:43:48,520 INFO  [Log] -------------------------------------------------------- 
2017-09-25 15:43:48,520 INFO  [Log] -----------------LogIn_01------------------ 
2017-09-25 15:43:48,520 INFO  [Log] -------------------------------------------------------- 
2017-09-25 15:43:48,520 INFO  [Log] entered opening Browser 
2017-09-25 15:43:48,520 INFO  [Log] Class:util - Method: setCellData C:\Users\dell\workspace\PhpTravelsKWD\src\dataEngine\DataEngine.xlsx (The process cannot access the file because it is being used by another process) 
2017-09-25 15:43:48,520 INFO  [Log] Class:util - Method: setCellData C:\Users\dell\workspace\PhpTravelsKWD\src\dataEngine\DataEngine.xlsx (The process cannot access the file because it is being used by another process) 
2017-09-25 15:43:48,520 INFO  [Log] --------------------------------------------------------------------- 
2017-09-25 15:43:48,520 INFO  [Log] ----------------- E  N D - O F - LogIn_01---------------- 
2017-09-25 15:43:48,520 INFO  [Log] --------------------------------------------------------------------- 
2017-09-25 15:43:48,520 INFO  [Log] X 
2017-09-25 15:43:48,520 INFO  [Log] X 
2017-09-25 15:43:48,520 INFO  [Log] X 
2017-09-25 15:44:17,987 INFO  [Log] util method: get cell data null 
2017-09-25 15:44:17,987 INFO  [Log] -------------------------------------------------------- 
2017-09-25 15:44:17,987 INFO  [Log] -----------------LogIn_01------------------ 
2017-09-25 15:44:17,987 INFO  [Log] -------------------------------------------------------- 
2017-09-25 15:44:17,987 INFO  [Log] entered opening Browser 
2017-09-25 15:44:18,003 INFO  [Log] Class:util - Method: setCellData C:\Users\dell\workspace\PhpTravelsKWD\src\dataEngine\DataEngine.xlsx (The process cannot access the file because it is being used by another process) 
2017-09-25 15:44:18,003 INFO  [Log] Class:util - Method: setCellData C:\Users\dell\workspace\PhpTravelsKWD\src\dataEngine\DataEngine.xlsx (The process cannot access the file because it is being used by another process) 
2017-09-25 15:44:18,003 INFO  [Log] --------------------------------------------------------------------- 
2017-09-25 15:44:18,003 INFO  [Log] ----------------- E  N D - O F - LogIn_01---------------- 
2017-09-25 15:44:18,003 INFO  [Log] --------------------------------------------------------------------- 
2017-09-25 15:44:18,003 INFO  [Log] X 
2017-09-25 15:44:18,003 INFO  [Log] X 
2017-09-25 15:44:18,003 INFO  [Log] X 
2017-09-25 15:45:19,142 INFO  [Log] util method: get cell data null 
2017-09-25 15:45:19,142 INFO  [Log] -------------------------------------------------------- 
2017-09-25 15:45:19,142 INFO  [Log] -----------------LogIn_01------------------ 
2017-09-25 15:45:19,142 INFO  [Log] -------------------------------------------------------- 
2017-09-25 15:45:19,142 INFO  [Log] entered opening Browser 
2017-09-25 15:45:25,068 INFO  [Log] navigate to URL 
2017-09-25 15:45:28,192 INFO  [Log] click_Account 
2017-09-25 15:45:29,329 INFO  [Log] Entering the text value: bgpattar@gmail.com 
2017-09-25 15:45:34,169 INFO  [Log] Entering the text value: @phpTravels1-2 
2017-09-25 15:45:34,481 INFO  [Log] clicking Login button 
2017-09-25 15:45:36,321 INFO  [Log] wait for application to load 
2017-09-25 15:45:39,459 INFO  [Log] clicking MyAccount menu on home page 
2017-09-25 15:48:13,754 INFO  [Log] util method: get cell data null 
2017-09-25 15:48:13,754 INFO  [Log] -------------------------------------------------------- 
2017-09-25 15:48:13,754 INFO  [Log] -----------------LogIn_01------------------ 
2017-09-25 15:48:13,754 INFO  [Log] -------------------------------------------------------- 
2017-09-25 15:48:13,754 INFO  [Log] entered opening Browser 
2017-09-25 15:48:17,364 INFO  [Log] navigate to URL 
2017-09-25 15:48:20,423 INFO  [Log] click_Account 
2017-09-25 15:48:21,309 INFO  [Log] Entering the text value: bgpattar@gmail.com 
2017-09-25 15:48:26,770 INFO  [Log] Entering the text value: @phpTravels1-2 
2017-09-25 15:48:27,118 INFO  [Log] clicking Login button 
2017-09-25 15:48:28,641 INFO  [Log] wait for application to load 
2017-09-25 15:48:31,731 INFO  [Log] clicking MyAccount menu on home page 
2017-09-25 15:48:31,928 INFO  [Log] clicking Logout menu option under account menu 
2017-09-25 15:48:32,781 INFO  [Log] time to close the Browser 
2017-09-25 15:48:34,277 INFO  [Log] --------------------------------------------------------------------- 
2017-09-25 15:48:34,277 INFO  [Log] ----------------- E  N D - O F - LogIn_01---------------- 
2017-09-25 15:48:34,277 INFO  [Log] --------------------------------------------------------------------- 
2017-09-25 15:48:34,277 INFO  [Log] X 
2017-09-25 15:48:34,277 INFO  [Log] X 
2017-09-25 15:48:34,277 INFO  [Log] X 
2017-09-25 15:49:58,214 INFO  [Log] util method: get cell data null 
2017-09-25 15:49:58,214 INFO  [Log] -------------------------------------------------------- 
2017-09-25 15:49:58,214 INFO  [Log] -----------------LogIn_01------------------ 
2017-09-25 15:49:58,214 INFO  [Log] -------------------------------------------------------- 
2017-09-25 15:49:58,214 INFO  [Log] entered opening Browser 
2017-09-25 15:50:12,418 INFO  [Log] navigate to URL 
2017-09-25 15:50:19,718 INFO  [Log] click_Account 
2017-09-25 15:50:28,120 INFO  [Log] Entering the text value: bgpattar@gmail.com 
2017-09-25 15:51:58,873 INFO  [Log] Entering the text value: @phpTravels1-2 
2017-09-25 15:53:09,797 INFO  [Log] clicking Login button 
2017-09-25 15:53:10,626 INFO  [Log] wait for application to load 
2017-09-25 15:53:13,744 INFO  [Log] clicking MyAccount menu on home page 
2017-09-25 15:53:14,121 INFO  [Log] clicking Logout menu option under account menu 
2017-09-25 15:53:14,378 INFO  [Log] method: logout, not able to click on sub-menu optionCannot click on element (WARNING: The server did not provide any stacktrace information)
Command duration or timeout: 142 milliseconds
Build info: version: '3.4.0', revision: 'unknown', time: 'unknown'
System info: host: 'DELL-PC', ip: '192.168.1.7', os.name: 'Windows 7', os.arch: 'amd64', os.version: '6.1', java.version: '1.8.0_141'
Driver info: org.openqa.selenium.ie.InternetExplorerDriver
Capabilities [{se:ieOptions={browserAttachTimeout=0.0, ie.enableFullPageScreenshot=true, enablePersistentHover=true, ie.forceCreateProcessApi=false, ie.forceShellWindowsApi=false, ignoreZoomSetting=false, ie.fileUploadDialogTimeout=3000.0, ie.useLegacyFileUploadDialogHandling=false, nativeEvents=true, ie.ensureCleanSession=false, elementScrollBehavior=0.0, ie.browserCommandLineSwitches=, requireWindowFocus=false, initialBrowserUrl=http://localhost:41320/, ignoreProtectedModeSettings=false, enableElementCacheCleanup=true}, browserName=internet explorer, pageLoadStrategy=normal, javascriptEnabled=true, version=11, platform=WINDOWS, unexpectedAlertBehaviour=dismiss}]
Session ID: b7f20da1-f05e-44d5-b9fd-a853207d0814 
2017-09-25 15:53:14,550 INFO  [Log] time to close the Browser 
2017-09-25 15:53:15,820 INFO  [Log] --------------------------------------------------------------------- 
2017-09-25 15:53:15,820 INFO  [Log] ----------------- E  N D - O F - LogIn_01---------------- 
2017-09-25 15:53:15,820 INFO  [Log] --------------------------------------------------------------------- 
2017-09-25 15:53:15,820 INFO  [Log] X 
2017-09-25 15:53:15,820 INFO  [Log] X 
2017-09-25 15:53:15,820 INFO  [Log] X 
2017-09-25 16:01:47,702 INFO  [Log] util method: get cell data null 
2017-09-25 16:01:47,702 INFO  [Log] -------------------------------------------------------- 
2017-09-25 16:01:47,702 INFO  [Log] -----------------LogIn_01------------------ 
2017-09-25 16:01:47,702 INFO  [Log] -------------------------------------------------------- 
2017-09-25 16:01:47,718 INFO  [Log] entered opening Browser 
2017-09-25 16:01:57,826 INFO  [Log] navigate to URL 
2017-09-25 16:02:02,145 INFO  [Log] click_Account 
2017-09-25 16:02:03,148 INFO  [Log] Entering the text value: bgpattar@gmail.com 
2017-09-25 16:02:09,012 INFO  [Log] Entering the text value: @phpTravels1-2 
2017-09-25 16:02:09,191 INFO  [Log] clicking Login button 
2017-09-25 16:02:13,100 INFO  [Log] wait for application to load 
2017-09-25 16:02:16,208 INFO  [Log] clicking MyAccount menu on home page 
2017-09-25 16:02:16,487 INFO  [Log] clicking Logout menu option under account menu 
2017-09-25 16:02:18,048 INFO  [Log] time to close the Browser 
2017-09-25 16:02:18,782 INFO  [Log] --------------------------------------------------------------------- 
2017-09-25 16:02:18,782 INFO  [Log] ----------------- E  N D - O F - LogIn_01---------------- 
2017-09-25 16:02:18,782 INFO  [Log] --------------------------------------------------------------------- 
2017-09-25 16:02:18,782 INFO  [Log] X 
2017-09-25 16:02:18,782 INFO  [Log] X 
2017-09-25 16:02:18,782 INFO  [Log] X 
2017-09-25 16:04:37,410 INFO  [Log] util method: get cell data null 
2017-09-25 16:04:37,410 INFO  [Log] -------------------------------------------------------- 
2017-09-25 16:04:37,410 INFO  [Log] -----------------LogIn_01------------------ 
2017-09-25 16:04:37,410 INFO  [Log] -------------------------------------------------------- 
2017-09-25 16:04:37,410 INFO  [Log] entered opening Browser 
2017-09-25 16:04:41,079 INFO  [Log] navigate to URL 
2017-09-25 16:04:43,314 INFO  [Log] click_Account 
2017-09-25 16:04:47,278 INFO  [Log] Entering the text value: bgpattar@gmail.com 
2017-09-25 16:06:18,082 INFO  [Log] Entering the text value: @phpTravels1-2 
2017-09-25 16:07:28,886 INFO  [Log] clicking Login button 
2017-09-25 16:07:31,317 INFO  [Log] wait for application to load 
2017-09-25 16:07:34,387 INFO  [Log] clicking MyAccount menu on home page 
2017-09-25 16:07:34,699 INFO  [Log] clicking Logout menu option under account menu 
2017-09-25 16:07:34,915 INFO  [Log] method: logout, not able to click on sub-menu optionCannot click on element (WARNING: The server did not provide any stacktrace information)
Command duration or timeout: 120 milliseconds
Build info: version: '3.4.0', revision: 'unknown', time: 'unknown'
System info: host: 'DELL-PC', ip: '192.168.1.7', os.name: 'Windows 7', os.arch: 'amd64', os.version: '6.1', java.version: '1.8.0_141'
Driver info: org.openqa.selenium.ie.InternetExplorerDriver
Capabilities [{se:ieOptions={browserAttachTimeout=0.0, ie.enableFullPageScreenshot=true, enablePersistentHover=true, ie.forceCreateProcessApi=false, ie.forceShellWindowsApi=false, ignoreZoomSetting=false, ie.fileUploadDialogTimeout=3000.0, ie.useLegacyFileUploadDialogHandling=false, nativeEvents=true, ie.ensureCleanSession=false, elementScrollBehavior=0.0, ie.browserCommandLineSwitches=, requireWindowFocus=false, initialBrowserUrl=http://localhost:46677/, ignoreProtectedModeSettings=false, enableElementCacheCleanup=true}, browserName=internet explorer, pageLoadStrategy=normal, javascriptEnabled=true, version=11, platform=WINDOWS, unexpectedAlertBehaviour=dismiss}]
Session ID: 277b6b07-67cc-4ba2-ba4a-2f182b60729a 
2017-09-25 16:07:35,015 INFO  [Log] time to close the Browser 
2017-09-25 16:07:36,052 INFO  [Log] --------------------------------------------------------------------- 
2017-09-25 16:07:36,052 INFO  [Log] ----------------- E  N D - O F - LogIn_01---------------- 
2017-09-25 16:07:36,052 INFO  [Log] --------------------------------------------------------------------- 
2017-09-25 16:07:36,052 INFO  [Log] X 
2017-09-25 16:07:36,052 INFO  [Log] X 
2017-09-25 16:07:36,052 INFO  [Log] X 
2017-09-25 16:14:14,703 INFO  [Log] util method: get cell data null 
2017-09-25 16:14:14,703 INFO  [Log] -------------------------------------------------------- 
2017-09-25 16:14:14,703 INFO  [Log] -----------------LogIn_01------------------ 
2017-09-25 16:14:14,703 INFO  [Log] -------------------------------------------------------- 
2017-09-25 16:14:14,703 INFO  [Log] entered opening Browser 
2017-09-25 16:14:18,340 INFO  [Log] navigate to URL 
2017-09-25 16:14:20,738 INFO  [Log] click_Account 
2017-09-25 16:14:25,249 INFO  [Log] Entering the text value: bgpattar@gmail.com 
2017-09-25 16:15:55,945 INFO  [Log] Entering the text value: @phpTravels1-2 
2017-09-25 16:17:06,783 INFO  [Log] clicking Login button 
2017-09-25 16:17:07,560 INFO  [Log] wait for application to load 
2017-09-25 16:17:10,654 INFO  [Log] clicking MyAccount menu on home page 
2017-09-25 16:17:10,918 INFO  [Log] clicking Logout menu option under account menu 
2017-09-25 16:17:11,160 INFO  [Log] method: logout, not able to click on sub-menu optionCannot click on element (WARNING: The server did not provide any stacktrace information)
Command duration or timeout: 120 milliseconds
Build info: version: '3.4.0', revision: 'unknown', time: 'unknown'
System info: host: 'DELL-PC', ip: '192.168.1.7', os.name: 'Windows 7', os.arch: 'amd64', os.version: '6.1', java.version: '1.8.0_141'
Driver info: org.openqa.selenium.ie.InternetExplorerDriver
Capabilities [{se:ieOptions={browserAttachTimeout=0.0, ie.enableFullPageScreenshot=true, enablePersistentHover=true, ie.forceCreateProcessApi=false, ie.forceShellWindowsApi=false, ignoreZoomSetting=false, ie.fileUploadDialogTimeout=3000.0, ie.useLegacyFileUploadDialogHandling=false, nativeEvents=true, ie.ensureCleanSession=false, elementScrollBehavior=0.0, ie.browserCommandLineSwitches=, requireWindowFocus=false, initialBrowserUrl=http://localhost:12958/, ignoreProtectedModeSettings=false, enableElementCacheCleanup=true}, browserName=internet explorer, pageLoadStrategy=normal, javascriptEnabled=true, version=11, platform=WINDOWS, unexpectedAlertBehaviour=dismiss}]
Session ID: ca9fedc7-6042-4319-bbf0-61d4d39c5e69 
2017-09-25 16:17:11,245 INFO  [Log] time to close the Browser 
2017-09-25 16:17:12,277 INFO  [Log] --------------------------------------------------------------------- 
2017-09-25 16:17:12,278 INFO  [Log] ----------------- E  N D - O F - LogIn_01---------------- 
2017-09-25 16:17:12,278 INFO  [Log] --------------------------------------------------------------------- 
2017-09-25 16:17:12,278 INFO  [Log] X 
2017-09-25 16:17:12,278 INFO  [Log] X 
2017-09-25 16:17:12,278 INFO  [Log] X 
2017-09-25 16:20:52,304 INFO  [Log] util method: get cell data null 
2017-09-25 16:20:52,304 INFO  [Log] -------------------------------------------------------- 
2017-09-25 16:20:52,304 INFO  [Log] -----------------LogIn_01------------------ 
2017-09-25 16:20:52,304 INFO  [Log] -------------------------------------------------------- 
2017-09-25 16:20:52,304 INFO  [Log] entered opening Browser 
2017-09-25 16:20:55,894 INFO  [Log] navigate to URL 
2017-09-25 16:20:57,227 INFO  [Log] click_Account 
2017-09-25 16:21:02,075 INFO  [Log] Entering the text value: bgpattar@gmail.com 
2017-09-25 16:22:32,724 INFO  [Log] Entering the text value: @phpTravels1-2 
2017-09-25 16:23:43,605 INFO  [Log] clicking Login button 
2017-09-25 16:23:44,269 INFO  [Log] wait for application to load 
2017-09-25 16:23:47,373 INFO  [Log] clicking MyAccount menu on home page 
2017-09-25 16:23:48,419 INFO  [Log] clicking Logout menu option under account menu 
2017-09-25 16:23:48,697 INFO  [Log] method: logout, not able to click on sub-menu optionCannot click on element (WARNING: The server did not provide any stacktrace information)
Command duration or timeout: 118 milliseconds
Build info: version: '3.4.0', revision: 'unknown', time: 'unknown'
System info: host: 'DELL-PC', ip: '192.168.1.7', os.name: 'Windows 7', os.arch: 'amd64', os.version: '6.1', java.version: '1.8.0_141'
Driver info: org.openqa.selenium.ie.InternetExplorerDriver
Capabilities [{se:ieOptions={browserAttachTimeout=0.0, ie.enableFullPageScreenshot=true, enablePersistentHover=true, ie.forceCreateProcessApi=false, ie.forceShellWindowsApi=false, ignoreZoomSetting=false, ie.fileUploadDialogTimeout=3000.0, ie.useLegacyFileUploadDialogHandling=false, nativeEvents=true, ie.ensureCleanSession=false, elementScrollBehavior=0.0, ie.browserCommandLineSwitches=, requireWindowFocus=false, initialBrowserUrl=http://localhost:3993/, ignoreProtectedModeSettings=false, enableElementCacheCleanup=true}, browserName=internet explorer, pageLoadStrategy=normal, javascriptEnabled=true, version=11, platform=WINDOWS, unexpectedAlertBehaviour=dismiss}]
Session ID: 2851f8f9-1da2-4e92-8fe7-1deb2b54c39f 
2017-09-25 16:23:48,767 INFO  [Log] time to close the Browser 
2017-09-25 16:23:49,951 INFO  [Log] --------------------------------------------------------------------- 
2017-09-25 16:23:49,951 INFO  [Log] ----------------- E  N D - O F - LogIn_01---------------- 
2017-09-25 16:23:49,951 INFO  [Log] --------------------------------------------------------------------- 
2017-09-25 16:23:49,951 INFO  [Log] X 
2017-09-25 16:23:49,951 INFO  [Log] X 
2017-09-25 16:23:49,951 INFO  [Log] X 
2017-09-25 16:28:31,937 INFO  [Log] util method: get cell data null 
2017-09-25 16:28:31,937 INFO  [Log] -------------------------------------------------------- 
2017-09-25 16:28:31,937 INFO  [Log] -----------------LogIn_01------------------ 
2017-09-25 16:28:31,937 INFO  [Log] -------------------------------------------------------- 
2017-09-25 16:28:31,937 INFO  [Log] entered opening Browser 
2017-09-25 16:28:35,389 INFO  [Log] navigate to URL 
2017-09-25 16:28:37,591 INFO  [Log] click_Account 
2017-09-25 16:28:42,747 INFO  [Log] Entering the text value: bgpattar@gmail.com 
2017-09-25 16:29:58,584 INFO  [Log] util method: get cell data null 
2017-09-25 16:29:58,584 INFO  [Log] -------------------------------------------------------- 
2017-09-25 16:29:58,584 INFO  [Log] -----------------LogIn_01------------------ 
2017-09-25 16:29:58,584 INFO  [Log] -------------------------------------------------------- 
2017-09-25 16:29:58,584 INFO  [Log] entered opening Browser 
2017-09-25 16:30:02,702 INFO  [Log] navigate to URL 
2017-09-25 16:30:04,944 INFO  [Log] click_Account 
2017-09-25 16:30:13,683 INFO  [Log] Entering the text value: @phpTravels1-2 
2017-09-25 16:30:13,717 INFO  [Log] method: input, Not able to input text Unable to find element on closed window (WARNING: The server did not provide any stacktrace information)
Command duration or timeout: 8 milliseconds
Build info: version: '3.4.0', revision: 'unknown', time: 'unknown'
System info: host: 'DELL-PC', ip: '192.168.1.7', os.name: 'Windows 7', os.arch: 'amd64', os.version: '6.1', java.version: '1.8.0_141'
Driver info: org.openqa.selenium.ie.InternetExplorerDriver
Capabilities [{se:ieOptions={browserAttachTimeout=0.0, ie.enableFullPageScreenshot=true, enablePersistentHover=true, ie.forceCreateProcessApi=false, ie.forceShellWindowsApi=false, ignoreZoomSetting=false, ie.fileUploadDialogTimeout=3000.0, ie.useLegacyFileUploadDialogHandling=false, nativeEvents=true, ie.ensureCleanSession=false, elementScrollBehavior=0.0, ie.browserCommandLineSwitches=, requireWindowFocus=false, initialBrowserUrl=http://localhost:15428/, ignoreProtectedModeSettings=true, enableElementCacheCleanup=true}, browserName=internet explorer, pageLoadStrategy=normal, javascriptEnabled=true, version=11, platform=WINDOWS, unexpectedAlertBehaviour=dismiss}]
Session ID: 3c4a6494-401b-4a8a-bfe5-c2d077e92631
*** Element info: {Using=id, value=inputPassword} 
2017-09-25 16:30:13,835 INFO  [Log] time to close the Browser 
2017-09-25 16:30:15,053 INFO  [Log] --------------------------------------------------------------------- 
2017-09-25 16:30:15,053 INFO  [Log] ----------------- E  N D - O F - LogIn_01---------------- 
2017-09-25 16:30:15,053 INFO  [Log] --------------------------------------------------------------------- 
2017-09-25 16:30:15,053 INFO  [Log] X 
2017-09-25 16:30:15,053 INFO  [Log] X 
2017-09-25 16:30:15,053 INFO  [Log] X 
2017-09-25 16:30:18,826 INFO  [Log] Entering the text value: bgpattar@gmail.com 
2017-09-25 16:31:49,631 INFO  [Log] Entering the text value: @phpTravels1-2 
2017-09-25 16:31:49,658 INFO  [Log] method: input, Not able to input text Unable to find element on closed window (WARNING: The server did not provide any stacktrace information)
Command duration or timeout: 19 milliseconds
Build info: version: '3.4.0', revision: 'unknown', time: 'unknown'
System info: host: 'DELL-PC', ip: '192.168.1.7', os.name: 'Windows 7', os.arch: 'amd64', os.version: '6.1', java.version: '1.8.0_141'
Driver info: org.openqa.selenium.ie.InternetExplorerDriver
Capabilities [{se:ieOptions={browserAttachTimeout=0.0, ie.enableFullPageScreenshot=true, enablePersistentHover=true, ie.forceCreateProcessApi=false, ie.forceShellWindowsApi=false, ignoreZoomSetting=false, ie.fileUploadDialogTimeout=3000.0, ie.useLegacyFileUploadDialogHandling=false, nativeEvents=true, ie.ensureCleanSession=false, elementScrollBehavior=0.0, ie.browserCommandLineSwitches=, requireWindowFocus=false, initialBrowserUrl=http://localhost:4015/, ignoreProtectedModeSettings=true, enableElementCacheCleanup=true}, browserName=internet explorer, pageLoadStrategy=normal, javascriptEnabled=true, version=11, platform=WINDOWS, unexpectedAlertBehaviour=dismiss}]
Session ID: cae33fd0-34f5-4510-89ad-78cd9b2d0be7
*** Element info: {Using=id, value=inputPassword} 
2017-09-25 16:31:49,741 INFO  [Log] time to close the Browser 
2017-09-25 16:32:24,989 INFO  [Log] --------------------------------------------------------------------- 
2017-09-25 16:32:24,989 INFO  [Log] ----------------- E  N D - O F - LogIn_01---------------- 
2017-09-25 16:32:24,989 INFO  [Log] --------------------------------------------------------------------- 
2017-09-25 16:32:24,990 INFO  [Log] X 
2017-09-25 16:32:24,990 INFO  [Log] X 
2017-09-25 16:32:24,990 INFO  [Log] X 
2017-09-25 16:35:27,303 INFO  [Log] util method: get cell data null 
2017-09-25 16:35:27,303 INFO  [Log] -------------------------------------------------------- 
2017-09-25 16:35:27,303 INFO  [Log] -----------------LogIn_01------------------ 
2017-09-25 16:35:27,303 INFO  [Log] -------------------------------------------------------- 
2017-09-25 16:35:27,303 INFO  [Log] entered opening Browser 
2017-09-25 16:35:30,768 INFO  [Log] navigate to URL 
2017-09-25 16:35:34,415 INFO  [Log] click_Account 
2017-09-25 16:35:41,774 INFO  [Log] Entering the text value: bgpattar@gmail.com 
2017-09-25 16:37:12,580 INFO  [Log] Entering the text value: @phpTravels1-2 
2017-09-25 16:37:12,654 INFO  [Log] method: input, Not able to input text Unable to find element on closed window (WARNING: The server did not provide any stacktrace information)
Command duration or timeout: 58 milliseconds
Build info: version: '3.4.0', revision: 'unknown', time: 'unknown'
System info: host: 'DELL-PC', ip: '192.168.1.7', os.name: 'Windows 7', os.arch: 'amd64', os.version: '6.1', java.version: '1.8.0_141'
Driver info: org.openqa.selenium.ie.InternetExplorerDriver
Capabilities [{se:ieOptions={browserAttachTimeout=0.0, ie.enableFullPageScreenshot=true, enablePersistentHover=true, ie.forceCreateProcessApi=false, ie.forceShellWindowsApi=false, ignoreZoomSetting=false, ie.fileUploadDialogTimeout=3000.0, ie.useLegacyFileUploadDialogHandling=false, nativeEvents=true, ie.ensureCleanSession=false, elementScrollBehavior=0.0, ie.browserCommandLineSwitches=, requireWindowFocus=false, initialBrowserUrl=http://localhost:3270/, ignoreProtectedModeSettings=true, enableElementCacheCleanup=true}, browserName=internet explorer, pageLoadStrategy=normal, javascriptEnabled=true, version=11, platform=WINDOWS, unexpectedAlertBehaviour=dismiss}]
Session ID: d0569f55-f645-446e-a818-7654dc02a7f2
*** Element info: {Using=id, value=inputPassword} 
2017-09-25 16:37:12,723 INFO  [Log] time to close the Browser 
2017-09-25 16:37:47,993 INFO  [Log] --------------------------------------------------------------------- 
2017-09-25 16:37:47,993 INFO  [Log] ----------------- E  N D - O F - LogIn_01---------------- 
2017-09-25 16:37:47,993 INFO  [Log] --------------------------------------------------------------------- 
2017-09-25 16:37:47,993 INFO  [Log] X 
2017-09-25 16:37:47,993 INFO  [Log] X 
2017-09-25 16:37:47,993 INFO  [Log] X 
